
*** Running vivado
    with args -log gray_counter_top.vds -m64 -product Vivado -mode batch -messageDb vivado.pb -notrace -source gray_counter_top.tcl



****** Vivado v2024.2 (64-bit)
  **** SW Build 5239630 on Fri Nov 08 22:35:27 MST 2024
  **** IP Build 5239520 on Sun Nov 10 16:12:51 MST 2024
  **** SharedData Build 5239561 on Fri Nov 08 14:39:27 MST 2024
  **** Start of session at: Thu Feb 27 14:48:39 2025
    ** Copyright 1986-2022 Xilinx, Inc. All Rights Reserved.
    ** Copyright 2022-2024 Advanced Micro Devices, Inc. All Rights Reserved.

source gray_counter_top.tcl -notrace
Command: read_checkpoint -auto_incremental -incremental {C:/Users/young/OneDrive/Documents/- Hardware Labs/digital_systems-verilog/ecen340/midterm-exam-gray-counter/midterm-exam-gray-counter/midterm-exam-gray-counter.srcs/utils_1/imports/synth_1/gray_counter_top.dcp}
INFO: [Vivado 12-5825] Read reference checkpoint from C:/Users/young/OneDrive/Documents/- Hardware Labs/digital_systems-verilog/ecen340/midterm-exam-gray-counter/midterm-exam-gray-counter/midterm-exam-gray-counter.srcs/utils_1/imports/synth_1/gray_counter_top.dcp for incremental synthesis
INFO: [Vivado 12-7989] Please ensure there are no constraint changes
Command: synth_design -top gray_counter_top -part xc7a35tcpg236-1
Starting synth_design
Attempting to get a license for feature 'Synthesis' and/or device 'xc7a35t'
INFO: [Common 17-349] Got license for feature 'Synthesis' and/or device 'xc7a35t'
INFO: [Device 21-403] Loading part xc7a35tcpg236-1
INFO: [Designutils 20-5440] No compile time benefit to using incremental synthesis; A full resynthesis will be run
INFO: [Designutils 20-4379] Flow is switching to default flow due to incremental criteria not met. If you would like to alter this behaviour and have the flow terminate instead, please set the following parameter config_implementation {autoIncr.Synth.RejectBehavior Terminate}
INFO: [Synth 8-7079] Multithreading enabled for synth_design using a maximum of 2 processes.
INFO: [Synth 8-7078] Launching helper process for spawning children vivado processes
INFO: [Synth 8-7075] Helper process launched with PID 27668
---------------------------------------------------------------------------------
Starting RTL Elaboration : Time (s): cpu = 00:00:06 ; elapsed = 00:00:10 . Memory (MB): peak = 1027.785 ; gain = 467.582
---------------------------------------------------------------------------------
INFO: [Synth 8-6157] synthesizing module 'gray_counter_top' [C:/Users/young/OneDrive/Documents/- Hardware Labs/digital_systems-verilog/ecen340/midterm-exam-gray-counter/midterm-exam-gray-counter/midterm-exam-gray-counter.srcs/sources_1/new/gray_counter_top.v:23]
INFO: [Synth 8-6157] synthesizing module 'clock_gen' [C:/Users/young/OneDrive/Documents/- Hardware Labs/digital_systems-verilog/ecen340/midterm-exam-gray-counter/midterm-exam-gray-counter/midterm-exam-gray-counter.srcs/sources_1/new/clock_gen.v:23]
INFO: [Synth 8-6155] done synthesizing module 'clock_gen' (0#1) [C:/Users/young/OneDrive/Documents/- Hardware Labs/digital_systems-verilog/ecen340/midterm-exam-gray-counter/midterm-exam-gray-counter/midterm-exam-gray-counter.srcs/sources_1/new/clock_gen.v:23]
INFO: [Synth 8-6157] synthesizing module 'gray_counter' [C:/Users/young/OneDrive/Documents/- Hardware Labs/digital_systems-verilog/ecen340/midterm-exam-gray-counter/midterm-exam-gray-counter/midterm-exam-gray-counter.srcs/sources_1/new/gray_counter.v:36]
INFO: [Synth 8-6155] done synthesizing module 'gray_counter' (0#1) [C:/Users/young/OneDrive/Documents/- Hardware Labs/digital_systems-verilog/ecen340/midterm-exam-gray-counter/midterm-exam-gray-counter/midterm-exam-gray-counter.srcs/sources_1/new/gray_counter.v:36]
INFO: [Synth 8-6155] done synthesizing module 'gray_counter_top' (0#1) [C:/Users/young/OneDrive/Documents/- Hardware Labs/digital_systems-verilog/ecen340/midterm-exam-gray-counter/midterm-exam-gray-counter/midterm-exam-gray-counter.srcs/sources_1/new/gray_counter_top.v:23]
---------------------------------------------------------------------------------
Finished RTL Elaboration : Time (s): cpu = 00:00:08 ; elapsed = 00:00:12 . Memory (MB): peak = 1132.023 ; gain = 571.820
---------------------------------------------------------------------------------
---------------------------------------------------------------------------------
Start Handling Custom Attributes
---------------------------------------------------------------------------------
---------------------------------------------------------------------------------
Finished Handling Custom Attributes : Time (s): cpu = 00:00:08 ; elapsed = 00:00:12 . Memory (MB): peak = 1132.023 ; gain = 571.820
---------------------------------------------------------------------------------
---------------------------------------------------------------------------------
Finished RTL Optimization Phase 1 : Time (s): cpu = 00:00:08 ; elapsed = 00:00:12 . Memory (MB): peak = 1132.023 ; gain = 571.820
---------------------------------------------------------------------------------
Netlist sorting complete. Time (s): cpu = 00:00:00 ; elapsed = 00:00:00.001 . Memory (MB): peak = 1132.023 ; gain = 0.000
INFO: [Project 1-570] Preparing netlist for logic optimization

Processing XDC Constraints
Initializing timing engine
Parsing XDC File [C:/Users/young/OneDrive/Documents/- Hardware Labs/digital_systems-verilog/ecen340/midterm-exam-gray-counter/midterm-exam-gray-counter/Basys3_Master.xdc]
Finished Parsing XDC File [C:/Users/young/OneDrive/Documents/- Hardware Labs/digital_systems-verilog/ecen340/midterm-exam-gray-counter/midterm-exam-gray-counter/Basys3_Master.xdc]
INFO: [Project 1-236] Implementation specific constraints were found while reading constraint file [C:/Users/young/OneDrive/Documents/- Hardware Labs/digital_systems-verilog/ecen340/midterm-exam-gray-counter/midterm-exam-gray-counter/Basys3_Master.xdc]. These constraints will be ignored for synthesis but will be used in implementation. Impacted constraints are listed in the file [.Xil/gray_counter_top_propImpl.xdc].
Resolution: To avoid this warning, move constraints listed in [.Xil/gray_counter_top_propImpl.xdc] to another XDC file and exclude this new file from synthesis with the used_in_synthesis property (File Properties dialog in GUI) and re-run elaboration/synthesis.
Completed Processing XDC Constraints

Netlist sorting complete. Time (s): cpu = 00:00:00 ; elapsed = 00:00:00 . Memory (MB): peak = 1202.832 ; gain = 0.000
INFO: [Project 1-111] Unisim Transformation Summary:
No Unisim elements were transformed.

Constraint Validation Runtime : Time (s): cpu = 00:00:00 ; elapsed = 00:00:00.003 . Memory (MB): peak = 1202.832 ; gain = 0.000
INFO: [Designutils 20-5440] No compile time benefit to using incremental synthesis; A full resynthesis will be run
INFO: [Designutils 20-4379] Flow is switching to default flow due to incremental criteria not met. If you would like to alter this behaviour and have the flow terminate instead, please set the following parameter config_implementation {autoIncr.Synth.RejectBehavior Terminate}
---------------------------------------------------------------------------------
Finished Constraint Validation : Time (s): cpu = 00:00:15 ; elapsed = 00:00:23 . Memory (MB): peak = 1202.832 ; gain = 642.629
---------------------------------------------------------------------------------
---------------------------------------------------------------------------------
Start Loading Part and Timing Information
---------------------------------------------------------------------------------
Loading part: xc7a35tcpg236-1
---------------------------------------------------------------------------------
Finished Loading Part and Timing Information : Time (s): cpu = 00:00:15 ; elapsed = 00:00:23 . Memory (MB): peak = 1202.832 ; gain = 642.629
---------------------------------------------------------------------------------
---------------------------------------------------------------------------------
Start Applying 'set_property' XDC Constraints
---------------------------------------------------------------------------------
---------------------------------------------------------------------------------
Finished applying 'set_property' XDC Constraints : Time (s): cpu = 00:00:15 ; elapsed = 00:00:23 . Memory (MB): peak = 1202.832 ; gain = 642.629
---------------------------------------------------------------------------------
---------------------------------------------------------------------------------
Finished RTL Optimization Phase 2 : Time (s): cpu = 00:00:15 ; elapsed = 00:00:23 . Memory (MB): peak = 1202.832 ; gain = 642.629
---------------------------------------------------------------------------------
---------------------------------------------------------------------------------
Start RTL Component Statistics 
---------------------------------------------------------------------------------
Detailed RTL Component Info : 
+---Registers : 
	                3 Bit    Registers := 1     
	                1 Bit    Registers := 1     
---------------------------------------------------------------------------------
Finished RTL Component Statistics 
---------------------------------------------------------------------------------
---------------------------------------------------------------------------------
Start Part Resource Summary
---------------------------------------------------------------------------------
Part Resources:
DSPs: 90 (col length:60)
BRAMs: 100 (col length: RAMB18 60 RAMB36 30)
---------------------------------------------------------------------------------
Finished Part Resource Summary
---------------------------------------------------------------------------------
---------------------------------------------------------------------------------
Start Cross Boundary and Area Optimization
---------------------------------------------------------------------------------
WARNING: [Synth 8-7080] Parallel synthesis criteria is not met
---------------------------------------------------------------------------------
Finished Cross Boundary and Area Optimization : Time (s): cpu = 00:00:17 ; elapsed = 00:00:25 . Memory (MB): peak = 1202.832 ; gain = 642.629
---------------------------------------------------------------------------------
---------------------------------------------------------------------------------
Start Applying XDC Timing Constraints
---------------------------------------------------------------------------------
---------------------------------------------------------------------------------
Finished Applying XDC Timing Constraints : Time (s): cpu = 00:00:23 ; elapsed = 00:00:33 . Memory (MB): peak = 1329.043 ; gain = 768.840
---------------------------------------------------------------------------------
---------------------------------------------------------------------------------
Start Timing Optimization
---------------------------------------------------------------------------------
---------------------------------------------------------------------------------
Finished Timing Optimization : Time (s): cpu = 00:00:23 ; elapsed = 00:00:33 . Memory (MB): peak = 1329.379 ; gain = 769.176
---------------------------------------------------------------------------------
---------------------------------------------------------------------------------
Start Technology Mapping
---------------------------------------------------------------------------------
---------------------------------------------------------------------------------
Finished Technology Mapping : Time (s): cpu = 00:00:23 ; elapsed = 00:00:33 . Memory (MB): peak = 1338.957 ; gain = 778.754
---------------------------------------------------------------------------------
---------------------------------------------------------------------------------
Start IO Insertion
---------------------------------------------------------------------------------
---------------------------------------------------------------------------------
Start Flattening Before IO Insertion
---------------------------------------------------------------------------------
---------------------------------------------------------------------------------
Finished Flattening Before IO Insertion
---------------------------------------------------------------------------------
---------------------------------------------------------------------------------
Start Final Netlist Cleanup
---------------------------------------------------------------------------------
---------------------------------------------------------------------------------
Finished Final Netlist Cleanup
---------------------------------------------------------------------------------
---------------------------------------------------------------------------------
Finished IO Insertion : Time (s): cpu = 00:00:27 ; elapsed = 00:00:39 . Memory (MB): peak = 1555.457 ; gain = 995.254
---------------------------------------------------------------------------------
---------------------------------------------------------------------------------
Start Renaming Generated Instances
---------------------------------------------------------------------------------
---------------------------------------------------------------------------------
Finished Renaming Generated Instances : Time (s): cpu = 00:00:27 ; elapsed = 00:00:39 . Memory (MB): peak = 1555.457 ; gain = 995.254
---------------------------------------------------------------------------------
---------------------------------------------------------------------------------
Start Rebuilding User Hierarchy
---------------------------------------------------------------------------------
---------------------------------------------------------------------------------
Finished Rebuilding User Hierarchy : Time (s): cpu = 00:00:27 ; elapsed = 00:00:39 . Memory (MB): peak = 1555.457 ; gain = 995.254
---------------------------------------------------------------------------------
---------------------------------------------------------------------------------
Start Renaming Generated Ports
---------------------------------------------------------------------------------
---------------------------------------------------------------------------------
Finished Renaming Generated Ports : Time (s): cpu = 00:00:27 ; elapsed = 00:00:39 . Memory (MB): peak = 1555.457 ; gain = 995.254
---------------------------------------------------------------------------------
---------------------------------------------------------------------------------
Start Handling Custom Attributes
---------------------------------------------------------------------------------
---------------------------------------------------------------------------------
Finished Handling Custom Attributes : Time (s): cpu = 00:00:27 ; elapsed = 00:00:39 . Memory (MB): peak = 1555.457 ; gain = 995.254
---------------------------------------------------------------------------------
---------------------------------------------------------------------------------
Start Renaming Generated Nets
---------------------------------------------------------------------------------
---------------------------------------------------------------------------------
Finished Renaming Generated Nets : Time (s): cpu = 00:00:27 ; elapsed = 00:00:39 . Memory (MB): peak = 1555.457 ; gain = 995.254
---------------------------------------------------------------------------------
---------------------------------------------------------------------------------
Start Writing Synthesis Report
---------------------------------------------------------------------------------

Report BlackBoxes: 
+-+--------------+----------+
| |BlackBox name |Instances |
+-+--------------+----------+
+-+--------------+----------+

Report Cell Usage: 
+------+-------+------+
|      |Cell   |Count |
+------+-------+------+
|1     |BUFG   |     1|
|2     |CARRY4 |     7|
|3     |LUT1   |     1|
|4     |LUT2   |     1|
|5     |LUT3   |     2|
|6     |FDCE   |    30|
|7     |IBUF   |     2|
|8     |OBUF   |     3|
+------+-------+------+
---------------------------------------------------------------------------------
Finished Writing Synthesis Report : Time (s): cpu = 00:00:27 ; elapsed = 00:00:39 . Memory (MB): peak = 1555.457 ; gain = 995.254
---------------------------------------------------------------------------------
Synthesis finished with 0 errors, 0 critical warnings and 1 warnings.
Synthesis Optimization Runtime : Time (s): cpu = 00:00:18 ; elapsed = 00:00:36 . Memory (MB): peak = 1555.457 ; gain = 924.445
Synthesis Optimization Complete : Time (s): cpu = 00:00:27 ; elapsed = 00:00:39 . Memory (MB): peak = 1555.457 ; gain = 995.254
INFO: [Project 1-571] Translating synthesized netlist
Netlist sorting complete. Time (s): cpu = 00:00:00 ; elapsed = 00:00:00.001 . Memory (MB): peak = 1564.594 ; gain = 0.000
INFO: [Netlist 29-17] Analyzing 7 Unisim elements for replacement
INFO: [Netlist 29-28] Unisim Transformation completed in 0 CPU seconds
INFO: [Project 1-570] Preparing netlist for logic optimization
INFO: [Opt 31-138] Pushed 0 inverter(s) to 0 load pin(s).
Netlist sorting complete. Time (s): cpu = 00:00:00 ; elapsed = 00:00:00 . Memory (MB): peak = 1568.273 ; gain = 0.000
INFO: [Project 1-111] Unisim Transformation Summary:
No Unisim elements were transformed.

Synth Design complete | Checksum: e8b9ab3c
INFO: [Common 17-83] Releasing license: Synthesis
27 Infos, 1 Warnings, 0 Critical Warnings and 0 Errors encountered.
synth_design completed successfully
synth_design: Time (s): cpu = 00:00:31 ; elapsed = 00:00:56 . Memory (MB): peak = 1568.273 ; gain = 1198.191
Write ShapeDB Complete: Time (s): cpu = 00:00:00 ; elapsed = 00:00:00.008 . Memory (MB): peak = 1568.273 ; gain = 0.000
INFO: [Common 17-1381] The checkpoint 'C:/Users/young/OneDrive/Documents/- Hardware Labs/digital_systems-verilog/ecen340/midterm-exam-gray-counter/midterm-exam-gray-counter/midterm-exam-gray-counter.runs/synth_1/gray_counter_top.dcp' has been generated.
INFO: [Vivado 12-24828] Executing command : report_utilization -file gray_counter_top_utilization_synth.rpt -pb gray_counter_top_utilization_synth.pb
INFO: [Common 17-206] Exiting Vivado at Thu Feb 27 14:49:49 2025...
