Copyright 1986-2022 Xilinx, Inc. All Rights Reserved. Copyright 2022-2024 Advanced Micro Devices, Inc. All Rights Reserved.
---------------------------------------------------------------------------------------------------------------------------------------------
| Tool Version : Vivado v.2024.2 (win64) Build 5239630 Fri Nov 08 22:35:27 MST 2024
| Date         : Thu Apr  3 14:02:03 2025
| Host         : Brodrics_laptop running 64-bit major release  (build 9200)
| Command      : report_control_sets -verbose -file top_control_sets_placed.rpt
| Design       : top
| Device       : xc7a35t
---------------------------------------------------------------------------------------------------------------------------------------------

Control Set Information

Table of Contents
-----------------
1. Summary
2. Histogram
3. Flip-Flop Distribution
4. Detailed Control Set Information

1. Summary
----------

+----------------------------------------------------------+-------+
|                          Status                          | Count |
+----------------------------------------------------------+-------+
| Total control sets                                       |     8 |
|    Minimum number of control sets                        |     8 |
|    Addition due to synthesis replication                 |     0 |
|    Addition due to physical synthesis replication        |     0 |
| Unused register locations in slices containing registers |    40 |
+----------------------------------------------------------+-------+
* Control sets can be merged at opt_design using control_set_merge or merge_equivalent_drivers
** Run report_qor_suggestions for automated merging and remapping suggestions


2. Histogram
------------

+--------------------+-------+
|       Fanout       | Count |
+--------------------+-------+
| Total control sets |     8 |
| >= 0 to < 4        |     0 |
| >= 4 to < 6        |     1 |
| >= 6 to < 8        |     1 |
| >= 8 to < 10       |     4 |
| >= 10 to < 12      |     1 |
| >= 12 to < 14      |     0 |
| >= 14 to < 16      |     0 |
| >= 16              |     1 |
+--------------------+-------+
* Control sets can be remapped at either synth_design or opt_design


3. Flip-Flop Distribution
-------------------------

+--------------+-----------------------+------------------------+-----------------+--------------+
| Clock Enable | Synchronous Set/Reset | Asynchronous Set/Reset | Total Registers | Total Slices |
+--------------+-----------------------+------------------------+-----------------+--------------+
| No           | No                    | No                     |               0 |            0 |
| No           | No                    | Yes                    |               3 |            1 |
| No           | Yes                   | No                     |              22 |            7 |
| Yes          | No                    | No                     |               4 |            1 |
| Yes          | No                    | Yes                    |               0 |            0 |
| Yes          | Yes                   | No                     |              51 |           20 |
+--------------+-----------------------+------------------------+-----------------+--------------+


4. Detailed Control Set Information
-----------------------------------

+----------------+--------------------------+--------------------------+------------------+----------------+--------------+
|  Clock Signal  |       Enable Signal      |     Set/Reset Signal     | Slice Load Count | Bel Load Count | Bels / Slice |
+----------------+--------------------------+--------------------------+------------------+----------------+--------------+
|  clk_IBUF_BUFG | U0/U1/v_count[9]_i_1_n_0 |                          |                1 |              4 |         4.00 |
|  clk_IBUF_BUFG | U0/U1/v_count[9]_i_1_n_0 | U0/U1/v_count[5]_i_1_n_0 |                4 |              6 |         1.50 |
|  clk_IBUF_BUFG | DRAW_0/ball_y            | btnC_IBUF                |                3 |              8 |         2.67 |
|  clk_IBUF_BUFG | DRAW_0/ball_x            | DRAW_0/clear             |                3 |              9 |         3.00 |
|  clk_IBUF_BUFG | DRAW_0/y_pos_L           | btnC_IBUF                |                3 |              9 |         3.00 |
|  clk_IBUF_BUFG | DRAW_0/y_pos_R           | btnC_IBUF                |                3 |              9 |         3.00 |
|  clk_IBUF_BUFG | U0/pix_strobe            | U0/U1/h_count            |                4 |             10 |         2.50 |
|  clk_IBUF_BUFG |                          | btnC_IBUF                |                8 |             25 |         3.12 |
+----------------+--------------------------+--------------------------+------------------+----------------+--------------+


